  config_loader.cpp
C:\Users\bartl\Desktop\General-Projects\file_organizer\config_loader.cpp(14,17): error C2429: language feature 'structured bindings' requires compiler flag '/std:c++17'
C:\Users\bartl\Desktop\General-Projects\file_organizer\config_loader.cpp(15,51): error C2059: syntax error: ')'
  file_utils.cpp
C:\Program Files\Microsoft Visual Studio\2022\Community\VC\Tools\MSVC\14.38.33130\include\filesystem(12): warning STL4038: The contents of <filesystem> are available only with C++17 or later.
C:\Users\bartl\Desktop\General-Projects\file_organizer\file_utils.cpp(5,21): error C2039: 'filesystem': is not a member of 'std'
      C:\Program Files\Microsoft Visual Studio\2022\Community\VC\Tools\MSVC\14.38.33130\include\string(23,1):
      see declaration of 'std'
  
C:\Users\bartl\Desktop\General-Projects\file_organizer\file_utils.cpp(5,21): error C2878: 'filesystem': a namespace or class of this name does not exist
C:\Users\bartl\Desktop\General-Projects\file_organizer\file_utils.cpp(8,5): error C2653: 'fs': is not a class or namespace name
C:\Users\bartl\Desktop\General-Projects\file_organizer\file_utils.cpp(8,9): error C2065: 'path': undeclared identifier
C:\Users\bartl\Desktop\General-Projects\file_organizer\file_utils.cpp(8,14): error C2146: syntax error: missing ';' before identifier 'p'
C:\Users\bartl\Desktop\General-Projects\file_organizer\file_utils.cpp(8,14): error C3861: 'p': identifier not found
C:\Users\bartl\Desktop\General-Projects\file_organizer\file_utils.cpp(9,5): error C2653: 'fs': is not a class or namespace name
C:\Users\bartl\Desktop\General-Projects\file_organizer\file_utils.cpp(9,9): error C2065: 'path': undeclared identifier
C:\Users\bartl\Desktop\General-Projects\file_organizer\file_utils.cpp(9,14): error C2146: syntax error: missing ';' before identifier 'file'
C:\Users\bartl\Desktop\General-Projects\file_organizer\file_utils.cpp(9,14): error C3861: 'file': identifier not found
C:\Users\bartl\Desktop\General-Projects\file_organizer\file_utils.cpp(10,17): error C2065: 'file': undeclared identifier
C:\Users\bartl\Desktop\General-Projects\file_organizer\file_utils.cpp(11,16): error C2065: 'file': undeclared identifier
C:\Users\bartl\Desktop\General-Projects\file_organizer\file_utils.cpp(14,5): error C2653: 'fs': is not a class or namespace name
C:\Users\bartl\Desktop\General-Projects\file_organizer\file_utils.cpp(14,9): error C2065: 'path': undeclared identifier
C:\Users\bartl\Desktop\General-Projects\file_organizer\file_utils.cpp(14,14): error C2146: syntax error: missing ';' before identifier 'target'
C:\Users\bartl\Desktop\General-Projects\file_organizer\file_utils.cpp(14,14): error C2065: 'target': undeclared identifier
C:\Users\bartl\Desktop\General-Projects\file_organizer\file_utils.cpp(14,23): error C2065: 'p': undeclared identifier
C:\Users\bartl\Desktop\General-Projects\file_organizer\file_utils.cpp(14,27): error C2065: 'file': undeclared identifier
C:\Users\bartl\Desktop\General-Projects\file_organizer\file_utils.cpp(15,12): error C2653: 'fs': is not a class or namespace name
C:\Users\bartl\Desktop\General-Projects\file_organizer\file_utils.cpp(15,23): error C2065: 'target': undeclared identifier
C:\Users\bartl\Desktop\General-Projects\file_organizer\file_utils.cpp(15,16): error C3861: 'exists': identifier not found
C:\Users\bartl\Desktop\General-Projects\file_organizer\file_utils.cpp(16,9): error C2065: 'target': undeclared identifier
C:\Users\bartl\Desktop\General-Projects\file_organizer\file_utils.cpp(16,18): error C2065: 'p': undeclared identifier
C:\Users\bartl\Desktop\General-Projects\file_organizer\file_utils.cpp(16,22): error C2653: 'fs': is not a class or namespace name
C:\Users\bartl\Desktop\General-Projects\file_organizer\file_utils.cpp(16,31): error C3536: 'base': cannot be used before it is initialized
C:\Users\bartl\Desktop\General-Projects\file_organizer\file_utils.cpp(16,78): error C3536: 'ext': cannot be used before it is initialized
C:\Users\bartl\Desktop\General-Projects\file_organizer\file_utils.cpp(16,76): error C2676: binary '+': 'std::basic_string<char,std::char_traits<char>,std::allocator<char>>' does not define this operator or a conversion to a type acceptable to the predefined operator
      C:\Program Files\Microsoft Visual Studio\2022\Community\VC\Tools\MSVC\14.38.33130\include\xutility(1782,50):
      could be 'std::reverse_iterator<_BidIt> std::operator +(reverse_iterator<_BidIt>::difference_type,const std::reverse_iterator<_BidIt> &) noexcept(<expr>)'
          C:\Users\bartl\Desktop\General-Projects\file_organizer\file_utils.cpp(16,70):
          'std::reverse_iterator<_BidIt> std::operator +(reverse_iterator<_BidIt>::difference_type,const std::reverse_iterator<_BidIt> &) noexcept(<expr>)': could not deduce template argument for 'const std::reverse_iterator<_BidIt> &' from 'int'
      C:\Program Files\Microsoft Visual Studio\2022\Community\VC\Tools\MSVC\14.38.33130\include\xutility(4334,5):
      or       'std::move_iterator<_Iter> std::operator +(move_iterator<_Iter>::difference_type,const std::move_iterator<_Iter> &) noexcept(<expr>)'
          C:\Users\bartl\Desktop\General-Projects\file_organizer\file_utils.cpp(16,70):
          'std::move_iterator<_Iter> std::operator +(move_iterator<_Iter>::difference_type,const std::move_iterator<_Iter> &) noexcept(<expr>)': could not deduce template argument for 'const std::move_iterator<_Iter> &' from 'int'
      C:\Program Files\Microsoft Visual Studio\2022\Community\VC\Tools\MSVC\14.38.33130\include\xstring(4907,62):
      or       'std::basic_string<_Elem,_Traits,_Alloc> std::operator +(const std::basic_string<_Elem,_Traits,_Alloc> &,const std::basic_string<_Elem,_Traits,_Alloc> &)'
          C:\Users\bartl\Desktop\General-Projects\file_organizer\file_utils.cpp(16,70):
          'std::basic_string<_Elem,_Traits,_Alloc> std::operator +(const std::basic_string<_Elem,_Traits,_Alloc> &,const std::basic_string<_Elem,_Traits,_Alloc> &)': could not deduce template argument for 'const std::basic_string<_Elem,_Traits,_Alloc> &' from 'int'
      C:\Program Files\Microsoft Visual Studio\2022\Community\VC\Tools\MSVC\14.38.33130\include\xstring(4919,62):
      or       'std::basic_string<_Elem,_Traits,_Alloc> std::operator +(const _Elem *const ,const std::basic_string<_Elem,_Traits,_Alloc> &)'
          C:\Users\bartl\Desktop\General-Projects\file_organizer\file_utils.cpp(16,70):
          'std::basic_string<_Elem,_Traits,_Alloc> std::operator +(const _Elem *const ,const std::basic_string<_Elem,_Traits,_Alloc> &)': could not deduce template argument for 'const _Elem *const ' from 'std::basic_string<char,std::char_traits<char>,std::allocator<char>>'
      C:\Program Files\Microsoft Visual Studio\2022\Community\VC\Tools\MSVC\14.38.33130\include\xstring(4932,62):
      or       'std::basic_string<_Elem,_Traits,_Alloc> std::operator +(const _Elem,const std::basic_string<_Elem,_Traits,_Alloc> &)'
          C:\Users\bartl\Desktop\General-Projects\file_organizer\file_utils.cpp(16,70):
          'std::basic_string<_Elem,_Traits,_Alloc> std::operator +(const _Elem,const std::basic_string<_Elem,_Traits,_Alloc> &)': could not deduce template argument for 'const std::basic_string<_Elem,_Traits,_Alloc> &' from 'int'
      C:\Program Files\Microsoft Visual Studio\2022\Community\VC\Tools\MSVC\14.38.33130\include\xstring(4943,62):
      or       'std::basic_string<_Elem,_Traits,_Alloc> std::operator +(const std::basic_string<_Elem,_Traits,_Alloc> &,const _Elem *const )'
          C:\Users\bartl\Desktop\General-Projects\file_organizer\file_utils.cpp(16,70):
          'std::basic_string<_Elem,_Traits,_Alloc> std::operator +(const std::basic_string<_Elem,_Traits,_Alloc> &,const _Elem *const )': could not deduce template argument for 'const _Elem *const ' from 'int'
      C:\Program Files\Microsoft Visual Studio\2022\Community\VC\Tools\MSVC\14.38.33130\include\xstring(4956,62):
      or       'std::basic_string<_Elem,_Traits,_Alloc> std::operator +(const std::basic_string<_Elem,_Traits,_Alloc> &,const _Elem)'
          C:\Users\bartl\Desktop\General-Projects\file_organizer\file_utils.cpp(16,70):
          'std::basic_string<_Elem,_Traits,_Alloc> std::operator +(const std::basic_string<_Elem,_Traits,_Alloc> &,const _Elem)': template parameter '_Elem' is ambiguous
              C:\Users\bartl\Desktop\General-Projects\file_organizer\file_utils.cpp(16,70):
              could be 'int'
              C:\Users\bartl\Desktop\General-Projects\file_organizer\file_utils.cpp(16,70):
              or       'char'
          C:\Users\bartl\Desktop\General-Projects\file_organizer\file_utils.cpp(16,70):
          'std::basic_string<_Elem,_Traits,_Alloc> std::operator +(const std::basic_string<_Elem,_Traits,_Alloc> &,const _Elem)': could not deduce template argument for 'const _Elem' from 'int'
      C:\Program Files\Microsoft Visual Studio\2022\Community\VC\Tools\MSVC\14.38.33130\include\xstring(4967,62):
      or       'std::basic_string<_Elem,_Traits,_Alloc> std::operator +(const std::basic_string<_Elem,_Traits,_Alloc> &,std::basic_string<_Elem,_Traits,_Alloc> &&)'
          C:\Users\bartl\Desktop\General-Projects\file_organizer\file_utils.cpp(16,70):
          'std::basic_string<_Elem,_Traits,_Alloc> std::operator +(const std::basic_string<_Elem,_Traits,_Alloc> &,std::basic_string<_Elem,_Traits,_Alloc> &&)': could not deduce template argument for 'std::basic_string<_Elem,_Traits,_Alloc> &&' from 'int'
      C:\Program Files\Microsoft Visual Studio\2022\Community\VC\Tools\MSVC\14.38.33130\include\xstring(4973,62):
      or       'std::basic_string<_Elem,_Traits,_Alloc> std::operator +(std::basic_string<_Elem,_Traits,_Alloc> &&,const std::basic_string<_Elem,_Traits,_Alloc> &)'
          C:\Users\bartl\Desktop\General-Projects\file_organizer\file_utils.cpp(16,70):
          'std::basic_string<_Elem,_Traits,_Alloc> std::operator +(std::basic_string<_Elem,_Traits,_Alloc> &&,const std::basic_string<_Elem,_Traits,_Alloc> &)': could not deduce template argument for 'const std::basic_string<_Elem,_Traits,_Alloc> &' from 'int'
      C:\Program Files\Microsoft Visual Studio\2022\Community\VC\Tools\MSVC\14.38.33130\include\xstring(4979,62):
      or       'std::basic_string<_Elem,_Traits,_Alloc> std::operator +(std::basic_string<_Elem,_Traits,_Alloc> &&,std::basic_string<_Elem,_Traits,_Alloc> &&)'
          C:\Users\bartl\Desktop\General-Projects\file_organizer\file_utils.cpp(16,70):
          'std::basic_string<_Elem,_Traits,_Alloc> std::operator +(std::basic_string<_Elem,_Traits,_Alloc> &&,std::basic_string<_Elem,_Traits,_Alloc> &&)': could not deduce template argument for 'std::basic_string<_Elem,_Traits,_Alloc> &&' from 'int'
      C:\Program Files\Microsoft Visual Studio\2022\Community\VC\Tools\MSVC\14.38.33130\include\xstring(4992,62):
      or       'std::basic_string<_Elem,_Traits,_Alloc> std::operator +(const _Elem *const ,std::basic_string<_Elem,_Traits,_Alloc> &&)'
          C:\Users\bartl\Desktop\General-Projects\file_organizer\file_utils.cpp(16,70):
          'std::basic_string<_Elem,_Traits,_Alloc> std::operator +(const _Elem *const ,std::basic_string<_Elem,_Traits,_Alloc> &&)': could not deduce template argument for 'const _Elem *const ' from 'std::basic_string<char,std::char_traits<char>,std::allocator<char>>'
      C:\Program Files\Microsoft Visual Studio\2022\Community\VC\Tools\MSVC\14.38.33130\include\xstring(4998,62):
      or       'std::basic_string<_Elem,_Traits,_Alloc> std::operator +(const _Elem,std::basic_string<_Elem,_Traits,_Alloc> &&)'
          C:\Users\bartl\Desktop\General-Projects\file_organizer\file_utils.cpp(16,70):
          'std::basic_string<_Elem,_Traits,_Alloc> std::operator +(const _Elem,std::basic_string<_Elem,_Traits,_Alloc> &&)': could not deduce template argument for 'std::basic_string<_Elem,_Traits,_Alloc> &&' from 'int'
      C:\Program Files\Microsoft Visual Studio\2022\Community\VC\Tools\MSVC\14.38.33130\include\xstring(5004,62):
      or       'std::basic_string<_Elem,_Traits,_Alloc> std::operator +(std::basic_string<_Elem,_Traits,_Alloc> &&,const _Elem *const )'
          C:\Users\bartl\Desktop\General-Projects\file_organizer\file_utils.cpp(16,70):
          'std::basic_string<_Elem,_Traits,_Alloc> std::operator +(std::basic_string<_Elem,_Traits,_Alloc> &&,const _Elem *const )': could not deduce template argument for 'const _Elem *const ' from 'int'
      C:\Program Files\Microsoft Visual Studio\2022\Community\VC\Tools\MSVC\14.38.33130\include\xstring(5010,62):
      or       'std::basic_string<_Elem,_Traits,_Alloc> std::operator +(std::basic_string<_Elem,_Traits,_Alloc> &&,const _Elem)'
          C:\Users\bartl\Desktop\General-Projects\file_organizer\file_utils.cpp(16,70):
          'std::basic_string<_Elem,_Traits,_Alloc> std::operator +(std::basic_string<_Elem,_Traits,_Alloc> &&,const _Elem)': template parameter '_Elem' is ambiguous
              C:\Users\bartl\Desktop\General-Projects\file_organizer\file_utils.cpp(16,70):
              could be 'int'
              C:\Users\bartl\Desktop\General-Projects\file_organizer\file_utils.cpp(16,70):
              or       'char'
          C:\Users\bartl\Desktop\General-Projects\file_organizer\file_utils.cpp(16,70):
          'std::basic_string<_Elem,_Traits,_Alloc> std::operator +(std::basic_string<_Elem,_Traits,_Alloc> &&,const _Elem)': could not deduce template argument for 'const _Elem' from 'int'
  
C:\Users\bartl\Desktop\General-Projects\file_organizer\file_utils.cpp(16,26): error C3861: 'path': identifier not found
C:\Users\bartl\Desktop\General-Projects\file_organizer\file_utils.cpp(18,12): error C2065: 'target': undeclared identifier
C:\Users\bartl\Desktop\General-Projects\file_organizer\file_utils.cpp(22,5): error C2653: 'fs': is not a class or namespace name
C:\Users\bartl\Desktop\General-Projects\file_organizer\file_utils.cpp(22,9): error C2065: 'path': undeclared identifier
C:\Users\bartl\Desktop\General-Projects\file_organizer\file_utils.cpp(22,14): error C2146: syntax error: missing ';' before identifier 's'
C:\Users\bartl\Desktop\General-Projects\file_organizer\file_utils.cpp(22,14): error C3861: 's': identifier not found
C:\Users\bartl\Desktop\General-Projects\file_organizer\file_utils.cpp(23,22): error C2653: 'fs': is not a class or namespace name
C:\Users\bartl\Desktop\General-Projects\file_organizer\file_utils.cpp(23,26): error C3861: 'path': identifier not found
C:\Users\bartl\Desktop\General-Projects\file_organizer\file_utils.cpp(23,39): error C2065: 's': undeclared identifier
C:\Users\bartl\Desktop\General-Projects\file_organizer\file_utils.cpp(24,39): error C2065: 's': undeclared identifier
C:\Users\bartl\Desktop\General-Projects\file_organizer\file_utils.cpp(24,21): error C2660: 'unique_name': function does not take 1 arguments
      C:\Users\bartl\Desktop\General-Projects\file_organizer\file_utils.cpp(7,13):
      see declaration of 'unique_name'
      C:\Users\bartl\Desktop\General-Projects\file_organizer\file_utils.cpp(24,21):
      while trying to match the argument list '(const std::string)'
  
C:\Users\bartl\Desktop\General-Projects\file_organizer\file_utils.cpp(25,5): error C2653: 'fs': is not a class or namespace name
C:\Users\bartl\Desktop\General-Projects\file_organizer\file_utils.cpp(25,16): error C2065: 's': undeclared identifier
C:\Users\bartl\Desktop\General-Projects\file_organizer\file_utils.cpp(25,19): error C2653: 'fs': is not a class or namespace name
C:\Users\bartl\Desktop\General-Projects\file_organizer\file_utils.cpp(25,23): error C3861: 'path': identifier not found
  test_file_utils.cpp
C:\Users\bartl\Desktop\General-Projects\file_organizer\test_file_utils.cpp(3,10): error C1083: Cannot open include file: 'gtest/gtest.h': No such file or directory
  Generating Code...
